#
# A fatal error has been detected by the Java Runtime Environment:
#
#  EXCEPTION_ACCESS_VIOLATION (0xc0000005) at pc=0x000000006f91e0f2, pid=11996, tid=0x0000000000002c80
#
# JRE version: Java(TM) SE Runtime Environment (8.0_181-b13) (build 1.8.0_181-b13)
# Java VM: Java HotSpot(TM) 64-Bit Server VM (25.181-b13 mixed mode windows-amd64 compressed oops)
# Problematic frame:
# V  [jvm.dll+0x9e0f2]
#
# Failed to write core dump. Minidumps are not enabled by default on client versions of Windows
#
# If you would like to submit a bug report, please visit:
#   http://bugreport.java.com/bugreport/crash.jsp
#

---------------  T H R E A D  ---------------

Current thread (0x00000000170d6800):  JavaThread "JDWP Transport Listener: dt_socket" daemon [_thread_in_vm, id=11392, stack(0x0000000018960000,0x0000000018a60000)]

siginfo: ExceptionCode=0xc0000005, reading address 0xffffffffffffffff

Registers:
RAX=0x0000000016b868ca, RBX=0x0000000016b868d8, RCX=0x5b280000000016b8, RDX=0x0000000018a5f000
RSP=0x0000000018a5efe0, RBP=0x0000000016b868d8, RSI=0x00000000170d6800, RDI=0x00000000170de720
R8 =0x00000000170d96b0, R9 =0xfffffffff5b8a308, R10=0x0000000022ed4738, R11=0x0000000018a5efb8
R12=0x00000000170e0ad0, R13=0x00000000170e0ae0, R14=0x00000000170e0eb8, R15=0x00000000000003d8
RIP=0x000000006f91e0f2, EFLAGS=0x0000000000010293

Top of Stack: (sp=0x0000000018a5efe0)
0x0000000018a5efe0:   000000000243e220 00000000026b7bc5
0x0000000018a5eff0:   00000000026a56d0 0000000000000000
0x0000000018a5f000:   0000000016b868d8 00000000170d6800
0x0000000018a5f010:   0000000016b868d8 000000006fa2efe3
0x0000000018a5f020:   0000000022ed4700 00000000170da170
0x0000000018a5f030:   0000000002444270 0000000000000000
0x0000000018a5f040:   00000000170d6800 00000000170d6800
0x0000000018a5f050:   00000000170d96b0 00000000170d6d20
0x0000000018a5f060:   00000000170d6d30 00000000170d6e08
0x0000000018a5f070:   00000000000000d8 0000000018a5f520
0x0000000018a5f080:   0000000000000000 0000000000000000
0x0000000018a5f090:   00000000170d69f8 0000000000000000
0x0000000018a5f0a0:   0000000018a5f1f0 000000006fa25112
0x0000000018a5f0b0:   000000000244b000 0000000002444270
0x0000000018a5f0c0:   0000000000000000 0000000018a5f1f0
0x0000000018a5f0d0:   0000000018a5f248 000000006fa276d0 

Instructions: (pc=0x000000006f91e0f2)
0x000000006f91e0d2:   48 8b 47 18 48 89 2c c8 eb 09 48 c7 44 24 28 00
0x000000006f91e0e2:   00 00 00 48 8b 43 08 48 8d 54 24 20 48 8b 48 08
0x000000006f91e0f2:   48 8b 49 18 e8 95 c0 06 00 4c 8b 86 40 01 00 00
0x000000006f91e102:   48 8b 7c 24 30 45 8b 10 48 8b 74 24 50 48 8b 6c 


Register to memory mapping:

RAX=0x0000000016b868ca is pointing into metadata
RBX={method} {0x0000000016b868e0} 
[error occurred during error reporting (printing register info), id 0xc0000005]

Stack: [0x0000000018960000,0x0000000018a60000],  sp=0x0000000018a5efe0,  free space=1019k
Native frames: (J=compiled Java code, j=interpreted, Vv=VM code, C=native code)
V  [jvm.dll+0x9e0f2]
V  [jvm.dll+0x1aefe3]
V  [jvm.dll+0x1a5112]
V  [jvm.dll+0x33ca2b]
C  [jdwp.dll+0x87f6]
C  [jdwp.dll+0xf15d]
C  [jdwp.dll+0x1f5c9]
C  [jdwp.dll+0x1f79e]
V  [jvm.dll+0x1be2da]
V  [jvm.dll+0x245d2f]
V  [jvm.dll+0x29e64a]
C  [msvcr100.dll+0x21d9f]
C  [msvcr100.dll+0x21e3b]
C  [KERNEL32.DLL+0x13d2]
C  [ntdll.dll+0x154f4]


---------------  P R O C E S S  ---------------

Java Threads: ( => current thread )
  0x000000001972c800 JavaThread "ReaderThread" [_thread_in_native, id=10020, stack(0x000000001ae50000,0x000000001af50000)]
  0x00000000192b2800 JavaThread "Service Thread" daemon [_thread_blocked, id=7068, stack(0x0000000019b60000,0x0000000019c60000)]
  0x00000000192b2000 JavaThread "C1 CompilerThread2" daemon [_thread_blocked, id=5728, stack(0x0000000019a60000,0x0000000019b60000)]
  0x0000000019356800 JavaThread "C2 CompilerThread1" daemon [_thread_blocked, id=12832, stack(0x0000000019960000,0x0000000019a60000)]
  0x0000000019356000 JavaThread "C2 CompilerThread0" daemon [_thread_blocked, id=12572, stack(0x0000000019860000,0x0000000019960000)]
  0x00000000170e7000 JavaThread "JDWP Command Reader" daemon [_thread_in_native, id=11376, stack(0x0000000018b60000,0x0000000018c60000)]
  0x00000000170e4800 JavaThread "JDWP Event Helper Thread" daemon [_thread_blocked, id=3244, stack(0x0000000018a60000,0x0000000018b60000)]
=>0x00000000170d6800 JavaThread "JDWP Transport Listener: dt_socket" daemon [_thread_in_vm, id=11392, stack(0x0000000018960000,0x0000000018a60000)]
  0x00000000170cb800 JavaThread "Attach Listener" daemon [_thread_blocked, id=7984, stack(0x0000000018620000,0x0000000018720000)]
  0x00000000170ca000 JavaThread "Signal Dispatcher" daemon [_thread_blocked, id=1092, stack(0x0000000018520000,0x0000000018620000)]
  0x000000000253e000 JavaThread "Finalizer" daemon [_thread_blocked, id=6564, stack(0x0000000018340000,0x0000000018440000)]
  0x000000000253a000 JavaThread "Reference Handler" daemon [_thread_blocked, id=9060, stack(0x0000000018240000,0x0000000018340000)]
  0x000000000244b000 JavaThread "main" [_thread_blocked, id=12248, stack(0x0000000002340000,0x0000000002440000)]

Other Threads:
  0x0000000017087000 VMThread [stack: 0x0000000018140000,0x0000000018240000] [id=10012]
  0x0000000019365000 WatcherThread [stack: 0x0000000019c60000,0x0000000019d60000] [id=13240]

VM state:not at safepoint (normal execution)

VM Mutex/Monitor currently owned by a thread: None

Heap:
 PSYoungGen      total 160256K, used 96168K [0x00000000d5f80000, 0x00000000e1c00000, 0x0000000100000000)
  eden space 152576K, 63% used [0x00000000d5f80000,0x00000000dbd6a220,0x00000000df480000)
  from space 7680K, 0% used [0x00000000dfd00000,0x00000000dfd00000,0x00000000e0480000)
  to   space 8704K, 0% used [0x00000000df480000,0x00000000df480000,0x00000000dfd00000)
 ParOldGen       total 75264K, used 12296K [0x0000000081e00000, 0x0000000086780000, 0x00000000d5f80000)
  object space 75264K, 16% used [0x0000000081e00000,0x0000000082a020f0,0x0000000086780000)
 Metaspace       used 37912K, capacity 39006K, committed 39040K, reserved 1083392K
  class space    used 4979K, capacity 5228K, committed 5248K, reserved 1048576K

Card table byte_map: [0x0000000011a60000,0x0000000011e60000] byte_map_base: 0x0000000011651000

Marking Bits: (ParMarkBitMap*) 0x00000000700a2d00
 Begin Bits: [0x0000000012410000, 0x0000000014398000)
 End Bits:   [0x0000000014398000, 0x0000000016320000)

Polling page: 0x0000000000510000

CodeCache: size=245760Kb used=15484Kb max_used=15613Kb free=230275Kb
 bounds [0x00000000026a0000, 0x00000000035f0000, 0x00000000116a0000]
 total_blobs=4391 nmethods=3947 adapters=363
 compilation: enabled

Compilation events (10 events):
Event: 16.498 Thread 0x00000000192b2000 nmethod 4217 0x0000000003592dd0 code [0x0000000003592f20, 0x0000000003593030]
Event: 16.499 Thread 0x00000000192b2000 4218       3       com.fasterxml.jackson.core.sym.CharsToNameCanonicalizer::findSymbol (156 bytes)
Event: 16.500 Thread 0x00000000192b2000 nmethod 4218 0x0000000003596590 code [0x00000000035967c0, 0x0000000003597488]
Event: 16.500 Thread 0x00000000192b2000 4221       3       com.fasterxml.jackson.core.json.ReaderBasedJsonParser::nextFieldName (429 bytes)
Event: 16.502 Thread 0x00000000192b2000 nmethod 4221 0x0000000003597c10 code [0x0000000003597f00, 0x00000000035991d8]
Event: 16.502 Thread 0x00000000192b2000 4219       3       com.fasterxml.jackson.databind.deser.impl.BeanPropertyMap::find (85 bytes)
Event: 16.503 Thread 0x00000000192b2000 nmethod 4219 0x0000000003591fd0 code [0x00000000035921c0, 0x0000000003592a28]
Event: 16.503 Thread 0x00000000192b2000 4220   !   3       com.fasterxml.jackson.databind.deser.impl.MethodProperty::deserializeAndSet (127 bytes)
Event: 16.504 Thread 0x00000000192b2000 nmethod 4220 0x0000000003599690 code [0x0000000003599880, 0x000000000359a328]
Event: 17.379 Thread 0x0000000019356800 nmethod 3764% 0x00000000035b85d0 code [0x00000000035b8f80, 0x00000000035d5ca8]

GC Heap History (10 events):
Event: 7.139 GC heap before
{Heap before GC invocations=8 (full 1):
 PSYoungGen      total 73216K, used 4792K [0x00000000d5f80000, 0x00000000dee80000, 0x0000000100000000)
  eden space 66048K, 0% used [0x00000000d5f80000,0x00000000d5f80000,0x00000000da000000)
  from space 7168K, 66% used [0x00000000da000000,0x00000000da4ae288,0x00000000da700000)
  to   space 7168K, 0% used [0x00000000de780000,0x00000000de780000,0x00000000dee80000)
 ParOldGen       total 87552K, used 2739K [0x0000000081e00000, 0x0000000087380000, 0x00000000d5f80000)
  object space 87552K, 3% used [0x0000000081e00000,0x00000000820acd28,0x0000000087380000)
 Metaspace       used 20633K, capacity 21102K, committed 21248K, reserved 1067008K
  class space    used 2565K, capacity 2694K, committed 2816K, reserved 1048576K
Event: 7.218 GC heap after
Heap after GC invocations=8 (full 1):
 PSYoungGen      total 73216K, used 0K [0x00000000d5f80000, 0x00000000dee80000, 0x0000000100000000)
  eden space 66048K, 0% used [0x00000000d5f80000,0x00000000d5f80000,0x00000000da000000)
  from space 7168K, 0% used [0x00000000da000000,0x00000000da000000,0x00000000da700000)
  to   space 7168K, 0% used [0x00000000de780000,0x00000000de780000,0x00000000dee80000)
 ParOldGen       total 51200K, used 6759K [0x0000000081e00000, 0x0000000085000000, 0x00000000d5f80000)
  object space 51200K, 13% used [0x0000000081e00000,0x0000000082499cb8,0x0000000085000000)
 Metaspace       used 20633K, capacity 21102K, committed 21248K, reserved 1067008K
  class space    used 2565K, capacity 2694K, committed 2816K, reserved 1048576K
}
Event: 8.047 GC heap before
{Heap before GC invocations=9 (full 1):
 PSYoungGen      total 73216K, used 66048K [0x00000000d5f80000, 0x00000000dee80000, 0x0000000100000000)
  eden space 66048K, 100% used [0x00000000d5f80000,0x00000000da000000,0x00000000da000000)
  from space 7168K, 0% used [0x00000000da000000,0x00000000da000000,0x00000000da700000)
  to   space 7168K, 0% used [0x00000000de780000,0x00000000de780000,0x00000000dee80000)
 ParOldGen       total 51200K, used 6759K [0x0000000081e00000, 0x0000000085000000, 0x00000000d5f80000)
  object space 51200K, 13% used [0x0000000081e00000,0x0000000082499cb8,0x0000000085000000)
 Metaspace       used 25079K, capacity 25742K, committed 25856K, reserved 1071104K
  class space    used 3134K, capacity 3314K, committed 3328K, reserved 1048576K
Event: 8.056 GC heap after
Heap after GC invocations=9 (full 1):
 PSYoungGen      total 115200K, used 3661K [0x00000000d5f80000, 0x00000000deb80000, 0x0000000100000000)
  eden space 111104K, 0% used [0x00000000d5f80000,0x00000000d5f80000,0x00000000dcc00000)
  from space 4096K, 89% used [0x00000000de780000,0x00000000deb13400,0x00000000deb80000)
  to   space 7168K, 0% used [0x00000000ddd80000,0x00000000ddd80000,0x00000000de480000)
 ParOldGen       total 51200K, used 6759K [0x0000000081e00000, 0x0000000085000000, 0x00000000d5f80000)
  object space 51200K, 13% used [0x0000000081e00000,0x0000000082499cb8,0x0000000085000000)
 Metaspace       used 25079K, capacity 25742K, committed 25856K, reserved 1071104K
  class space    used 3134K, capacity 3314K, committed 3328K, reserved 1048576K
}
Event: 11.478 GC heap before
{Heap before GC invocations=10 (full 1):
 PSYoungGen      total 115200K, used 114765K [0x00000000d5f80000, 0x00000000deb80000, 0x0000000100000000)
  eden space 111104K, 100% used [0x00000000d5f80000,0x00000000dcc00000,0x00000000dcc00000)
  from space 4096K, 89% used [0x00000000de780000,0x00000000deb13400,0x00000000deb80000)
  to   space 7168K, 0% used [0x00000000ddd80000,0x00000000ddd80000,0x00000000de480000)
 ParOldGen       total 51200K, used 6759K [0x0000000081e00000, 0x0000000085000000, 0x00000000d5f80000)
  object space 51200K, 13% used [0x0000000081e00000,0x0000000082499cb8,0x0000000085000000)
 Metaspace       used 30443K, capacity 31380K, committed 31488K, reserved 1077248K
  class space    used 3846K, capacity 4075K, committed 4096K, reserved 1048576K
Event: 11.497 GC heap after
Heap after GC invocations=10 (full 1):
 PSYoungGen      total 136192K, used 7166K [0x00000000d5f80000, 0x00000000e0480000, 0x0000000100000000)
  eden space 129024K, 0% used [0x00000000d5f80000,0x00000000d5f80000,0x00000000ddd80000)
  from space 7168K, 99% used [0x00000000ddd80000,0x00000000de47fb70,0x00000000de480000)
  to   space 7680K, 0% used [0x00000000dfd00000,0x00000000dfd00000,0x00000000e0480000)
 ParOldGen       total 51200K, used 7039K [0x0000000081e00000, 0x0000000085000000, 0x00000000d5f80000)
  object space 51200K, 13% used [0x0000000081e00000,0x00000000824dff70,0x0000000085000000)
 Metaspace       used 30443K, capacity 31380K, committed 31488K, reserved 1077248K
  class space    used 3846K, capacity 4075K, committed 4096K, reserved 1048576K
}
Event: 13.497 GC heap before
{Heap before GC invocations=11 (full 1):
 PSYoungGen      total 136192K, used 124361K [0x00000000d5f80000, 0x00000000e0480000, 0x0000000100000000)
  eden space 129024K, 90% used [0x00000000d5f80000,0x00000000dd1f29d8,0x00000000ddd80000)
  from space 7168K, 99% used [0x00000000ddd80000,0x00000000de47fb70,0x00000000de480000)
  to   space 7680K, 0% used [0x00000000dfd00000,0x00000000dfd00000,0x00000000e0480000)
 ParOldGen       total 51200K, used 7039K [0x0000000081e00000, 0x0000000085000000, 0x00000000d5f80000)
  object space 51200K, 13% used [0x0000000081e00000,0x00000000824dff70,0x0000000085000000)
 Metaspace       used 34334K, capacity 35312K, committed 35416K, reserved 1079296K
  class space    used 4571K, capacity 4805K, committed 4864K, reserved 1048576K
Event: 13.513 GC heap after
Heap after GC invocations=11 (full 1):
 PSYoungGen      total 160256K, used 7341K [0x00000000d5f80000, 0x00000000e1c00000, 0x0000000100000000)
  eden space 152576K, 0% used [0x00000000d5f80000,0x00000000d5f80000,0x00000000df480000)
  from space 7680K, 95% used [0x00000000dfd00000,0x00000000e042b6e0,0x00000000e0480000)
  to   space 8704K, 0% used [0x00000000df480000,0x00000000df480000,0x00000000dfd00000)
 ParOldGen       total 51200K, used 7723K [0x0000000081e00000, 0x0000000085000000, 0x00000000d5f80000)
  object space 51200K, 15% used [0x0000000081e00000,0x000000008258afa0,0x0000000085000000)
 Metaspace       used 34334K, capacity 35312K, committed 35416K, reserved 1079296K
  class space    used 4571K, capacity 4805K, committed 4864K, reserved 1048576K
}
Event: 13.513 GC heap before
{Heap before GC invocations=12 (full 2):
 PSYoungGen      total 160256K, used 7341K [0x00000000d5f80000, 0x00000000e1c00000, 0x0000000100000000)
  eden space 152576K, 0% used [0x00000000d5f80000,0x00000000d5f80000,0x00000000df480000)
  from space 7680K, 95% used [0x00000000dfd00000,0x00000000e042b6e0,0x00000000e0480000)
  to   space 8704K, 0% used [0x00000000df480000,0x00000000df480000,0x00000000dfd00000)
 ParOldGen       total 51200K, used 7723K [0x0000000081e00000, 0x0000000085000000, 0x00000000d5f80000)
  object space 51200K, 15% used [0x0000000081e00000,0x000000008258afa0,0x0000000085000000)
 Metaspace       used 34334K, capacity 35312K, committed 35416K, reserved 1079296K
  class space    used 4571K, capacity 4805K, committed 4864K, reserved 1048576K
Event: 13.589 GC heap after
Heap after GC invocations=12 (full 2):
 PSYoungGen      total 160256K, used 0K [0x00000000d5f80000, 0x00000000e1c00000, 0x0000000100000000)
  eden space 152576K, 0% used [0x00000000d5f80000,0x00000000d5f80000,0x00000000df480000)
  from space 7680K, 0% used [0x00000000dfd00000,0x00000000dfd00000,0x00000000e0480000)
  to   space 8704K, 0% used [0x00000000df480000,0x00000000df480000,0x00000000dfd00000)
 ParOldGen       total 75264K, used 12296K [0x0000000081e00000, 0x0000000086780000, 0x00000000d5f80000)
  object space 75264K, 16% used [0x0000000081e00000,0x0000000082a020f0,0x0000000086780000)
 Metaspace       used 34334K, capacity 35312K, committed 35416K, reserved 1079296K
  class space    used 4571K, capacity 4805K, committed 4864K, reserved 1048576K
}

Deoptimization events (10 events):
Event: 16.484 Thread 0x000000000244b000 Uncommon trap: reason=unhandled action=none pc=0x0000000002f89de8 method=java.net.URLClassLoader.findClass(Ljava/lang/String;)Ljava/lang/Class; @ 44
Event: 16.485 Thread 0x000000000244b000 Uncommon trap: reason=unhandled action=none pc=0x0000000002f89de8 method=java.net.URLClassLoader.findClass(Ljava/lang/String;)Ljava/lang/Class; @ 44
Event: 16.486 Thread 0x000000000244b000 Uncommon trap: reason=unhandled action=none pc=0x0000000002f89de8 method=java.net.URLClassLoader.findClass(Ljava/lang/String;)Ljava/lang/Class; @ 44
Event: 16.488 Thread 0x000000000244b000 Uncommon trap: reason=unhandled action=none pc=0x0000000002f89de8 method=java.net.URLClassLoader.findClass(Ljava/lang/String;)Ljava/lang/Class; @ 44
Event: 16.489 Thread 0x000000000244b000 Uncommon trap: reason=unhandled action=none pc=0x0000000002f89de8 method=java.net.URLClassLoader.findClass(Ljava/lang/String;)Ljava/lang/Class; @ 44
Event: 16.490 Thread 0x000000000244b000 Uncommon trap: reason=unhandled action=none pc=0x0000000002f89de8 method=java.net.URLClassLoader.findClass(Ljava/lang/String;)Ljava/lang/Class; @ 44
Event: 16.492 Thread 0x000000000244b000 Uncommon trap: reason=unhandled action=none pc=0x0000000002f89de8 method=java.net.URLClassLoader.findClass(Ljava/lang/String;)Ljava/lang/Class; @ 44
Event: 16.494 Thread 0x000000000244b000 Uncommon trap: reason=unhandled action=none pc=0x0000000002f89de8 method=java.net.URLClassLoader.findClass(Ljava/lang/String;)Ljava/lang/Class; @ 44
Event: 16.496 Thread 0x000000000244b000 Uncommon trap: reason=range_check action=none pc=0x0000000002af905c method=sun.reflect.generics.parser.SignatureParser.current()C @ 34
Event: 16.498 Thread 0x000000000244b000 Uncommon trap: reason=range_check action=none pc=0x0000000002af905c method=sun.reflect.generics.parser.SignatureParser.current()C @ 34

Classes redefined (2 events):
Event: 109.088 Thread 0x0000000017087000 redefined class name=com.vf.uk.dal.broadband.controller.test.BroadbandControllerTest, count=1
Event: 211.126 Thread 0x0000000017087000 redefined class name=com.vf.uk.dal.broadband.controller.test.BroadbandControllerTest, count=2

Internal exceptions (10 events):
Event: 16.407 Thread 0x000000000244b000 Exception <a 'java/lang/ArrayIndexOutOfBoundsException': 31> (0x00000000db59cd58) thrown at [C:\re\workspace\8-2-build-windows-amd64-cygwin\jdk8u181\11358\hotspot\src\share\vm\interpreter\interpreterRuntime.cpp, line 366]
Event: 16.413 Thread 0x000000000244b000 Exception <a 'java/lang/ArrayIndexOutOfBoundsException': 70> (0x00000000db5caec0) thrown at [C:\re\workspace\8-2-build-windows-amd64-cygwin\jdk8u181\11358\hotspot\src\share\vm\interpreter\interpreterRuntime.cpp, line 366]
Event: 16.413 Thread 0x000000000244b000 Exception <a 'java/lang/ArrayIndexOutOfBoundsException': 70> (0x00000000db5cc370) thrown at [C:\re\workspace\8-2-build-windows-amd64-cygwin\jdk8u181\11358\hotspot\src\share\vm\interpreter\interpreterRuntime.cpp, line 366]
Event: 16.413 Thread 0x000000000244b000 Exception <a 'java/lang/ArrayIndexOutOfBoundsException': 71> (0x00000000db5cd8b0) thrown at [C:\re\workspace\8-2-build-windows-amd64-cygwin\jdk8u181\11358\hotspot\src\share\vm\interpreter\interpreterRuntime.cpp, line 366]
Event: 16.414 Thread 0x000000000244b000 Exception <a 'java/lang/ArrayIndexOutOfBoundsException': 75> (0x00000000db5cf190) thrown at [C:\re\workspace\8-2-build-windows-amd64-cygwin\jdk8u181\11358\hotspot\src\share\vm\interpreter\interpreterRuntime.cpp, line 366]
Event: 16.418 Thread 0x000000000244b000 Exception <a 'java/lang/ArrayIndexOutOfBoundsException': 31> (0x00000000db5f02e8) thrown at [C:\re\workspace\8-2-build-windows-amd64-cygwin\jdk8u181\11358\hotspot\src\share\vm\interpreter\interpreterRuntime.cpp, line 366]
Event: 16.435 Thread 0x000000000244b000 Exception <a 'java/lang/ArrayIndexOutOfBoundsException': 108> (0x00000000db656dd0) thrown at [C:\re\workspace\8-2-build-windows-amd64-cygwin\jdk8u181\11358\hotspot\src\share\vm\interpreter\interpreterRuntime.cpp, line 366]
Event: 16.437 Thread 0x000000000244b000 Exception <a 'java/lang/ArrayIndexOutOfBoundsException': 73> (0x00000000db66dcb0) thrown at [C:\re\workspace\8-2-build-windows-amd64-cygwin\jdk8u181\11358\hotspot\src\share\vm\interpreter\interpreterRuntime.cpp, line 366]
Event: 16.496 Thread 0x000000000244b000 Exception <a 'java/lang/ArrayIndexOutOfBoundsException': 39> (0x00000000db9757b0) thrown at [C:\re\workspace\8-2-build-windows-amd64-cygwin\jdk8u181\11358\hotspot\src\share\vm\interpreter\interpreterRuntime.cpp, line 366]
Event: 16.498 Thread 0x000000000244b000 Exception <a 'java/lang/ArrayIndexOutOfBoundsException': 31> (0x00000000db982eb8) thrown at [C:\re\workspace\8-2-build-windows-amd64-cygwin\jdk8u181\11358\hotspot\src\share\vm\interpreter\interpreterRuntime.cpp, line 366]

Events (10 events):
Event: 210.976 Executing VM operation: ChangeSingleStep
Event: 210.976 Executing VM operation: ChangeSingleStep done
Event: 210.976 Executing VM operation: ChangeSingleStep
Event: 210.976 Executing VM operation: ChangeSingleStep done
Event: 211.085 Executing VM operation: RedefineClasses
Event: 211.127 Executing VM operation: RedefineClasses done
Event: 211.278 Executing VM operation: ChangeBreakpoints
Event: 211.280 Executing VM operation: ChangeBreakpoints done
Event: 211.404 Executing VM operation: ChangeBreakpoints
Event: 211.408 Executing VM operation: ChangeBreakpoints done


Dynamic libraries:
0x00007ff665370000 - 0x00007ff6653a7000 	D:\Softwares\Java\JDK-1.8.181\bin\javaw.exe
0x00007ffe7ce80000 - 0x00007ffe7d02d000 	C:\windows\SYSTEM32\ntdll.dll
0x00007ffe7afd0000 - 0x00007ffe7b10e000 	C:\windows\system32\KERNEL32.DLL
0x00007ffe7a300000 - 0x00007ffe7a416000 	C:\windows\system32\KERNELBASE.dll
0x00007ffe78190000 - 0x00007ffe7821e000 	C:\windows\system32\apphelp.dll
0x00007ffe283d0000 - 0x00007ffe28424000 	C:\windows\AppPatch\AppPatch64\AcGenral.DLL
0x00007ffe7b1e0000 - 0x00007ffe7b28a000 	C:\windows\system32\msvcrt.dll
0x00007ffe7a420000 - 0x00007ffe7a44e000 	C:\windows\system32\SspiCli.dll
0x00007ffe7b180000 - 0x00007ffe7b1d4000 	C:\windows\system32\SHLWAPI.dll
0x00007ffe7ac10000 - 0x00007ffe7ad87000 	C:\windows\system32\USER32.dll
0x00007ffe7cc10000 - 0x00007ffe7cda4000 	C:\windows\system32\ole32.dll
0x00007ffe7b6e0000 - 0x00007ffe7cc0b000 	C:\windows\system32\SHELL32.dll
0x00007ffe795c0000 - 0x00007ffe795e1000 	C:\windows\SYSTEM32\USERENV.dll
0x00007ffe7a500000 - 0x00007ffe7a5aa000 	C:\windows\system32\ADVAPI32.dll
0x00007ffe71270000 - 0x00007ffe7128e000 	C:\windows\SYSTEM32\MPR.dll
0x00007ffe7b2b0000 - 0x00007ffe7b3f0000 	C:\windows\system32\RPCRT4.dll
0x00007ffe7a8d0000 - 0x00007ffe7a929000 	C:\windows\SYSTEM32\sechost.dll
0x00007ffe7ad90000 - 0x00007ffe7afa2000 	C:\windows\SYSTEM32\combase.dll
0x00007ffe7a780000 - 0x00007ffe7a8cc000 	C:\windows\system32\GDI32.dll
0x00007ffe79fa0000 - 0x00007ffe79fb5000 	C:\windows\SYSTEM32\profapi.dll
0x00007ffe78880000 - 0x00007ffe78932000 	C:\windows\SYSTEM32\SHCORE.dll
0x00007ffe7b6a0000 - 0x00007ffe7b6d6000 	C:\windows\system32\IMM32.DLL
0x00007ffe7aab0000 - 0x00007ffe7ac01000 	C:\windows\system32\MSCTF.dll
0x00007ffe74c50000 - 0x00007ffe74c5c000 	C:\windows\KATRK64.DLL
0x00007ffe77f70000 - 0x00007ffe77f82000 	C:\windows\SYSTEM32\WTSAPI32.dll
0x00000000733d0000 - 0x0000000073465000 	C:\windows\System32\SYSFER.DLL
0x00007ffe78400000 - 0x00007ffe7867b000 	C:\windows\WinSxS\amd64_microsoft.windows.common-controls_6595b64144ccf1df_6.0.9600.18006_none_623f33d3ecbe86e8\COMCTL32.dll
0x0000000070140000 - 0x0000000070212000 	D:\Softwares\Java\JDK-1.8.181\jre\bin\msvcr100.dll
0x000000006f880000 - 0x0000000070122000 	D:\Softwares\Java\JDK-1.8.181\jre\bin\server\jvm.dll
0x00007ffe779f0000 - 0x00007ffe779f9000 	C:\windows\SYSTEM32\WSOCK32.dll
0x00007ffe74c90000 - 0x00007ffe74cb2000 	C:\windows\SYSTEM32\WINMM.dll
0x00007ffe737d0000 - 0x00007ffe737da000 	C:\windows\SYSTEM32\VERSION.dll
0x00007ffe7afc0000 - 0x00007ffe7afc7000 	C:\windows\system32\PSAPI.DLL
0x00007ffe7a930000 - 0x00007ffe7a98a000 	C:\windows\system32\WS2_32.dll
0x00007ffe74c60000 - 0x00007ffe74c8a000 	C:\windows\SYSTEM32\WINMMBASE.dll
0x00007ffe7a770000 - 0x00007ffe7a779000 	C:\windows\system32\NSI.dll
0x00007ffe7a450000 - 0x00007ffe7a49f000 	C:\windows\SYSTEM32\cfgmgr32.dll
0x00007ffe78db0000 - 0x00007ffe78dd8000 	C:\windows\SYSTEM32\DEVOBJ.dll
0x0000000070fb0000 - 0x0000000070fbf000 	D:\Softwares\Java\JDK-1.8.181\jre\bin\verify.dll
0x0000000070f80000 - 0x0000000070fa9000 	D:\Softwares\Java\JDK-1.8.181\jre\bin\java.dll
0x0000000070f40000 - 0x0000000070f75000 	D:\Softwares\Java\JDK-1.8.181\jre\bin\jdwp.dll
0x0000000070f30000 - 0x0000000070f38000 	D:\Softwares\Java\JDK-1.8.181\jre\bin\npt.dll
0x0000000070f00000 - 0x0000000070f23000 	D:\Softwares\Java\JDK-1.8.181\jre\bin\instrument.dll
0x000000006f860000 - 0x000000006f876000 	D:\Softwares\Java\JDK-1.8.181\jre\bin\zip.dll
0x000000006f850000 - 0x000000006f859000 	D:\Softwares\Java\JDK-1.8.181\jre\bin\dt_socket.dll
0x0000000155600000 - 0x0000000155658000 	C:\Program Files (x86)\Microsoft Firewall Client 2004\FwcWsp64.dll
0x00007ffe7b3f0000 - 0x00007ffe7b4b6000 	C:\windows\system32\OLEAUT32.dll
0x00007ffe68790000 - 0x00007ffe687a5000 	C:\windows\system32\napinsp.dll
0x00007ffe687b0000 - 0x00007ffe687ca000 	C:\windows\system32\pnrpnsp.dll
0x00007ffe75ac0000 - 0x00007ffe75adb000 	C:\windows\system32\NLAapi.dll
0x00007ffe79880000 - 0x00007ffe798d9000 	C:\windows\System32\mswsock.dll
0x00007ffe79680000 - 0x00007ffe79724000 	C:\windows\SYSTEM32\DNSAPI.dll
0x00007ffe687f0000 - 0x00007ffe687fd000 	C:\windows\System32\winrnr.dll
0x00007ffe68800000 - 0x00007ffe68821000 	C:\windows\FireEye\NamespaceToEvents_00.dll
0x00007ffe687d0000 - 0x00007ffe687e4000 	C:\windows\system32\wshbth.dll
0x00007ffe73ec0000 - 0x00007ffe73f2b000 	C:\windows\System32\fwpuclnt.dll
0x00007ffe68780000 - 0x00007ffe6878a000 	C:\Windows\System32\rasadhlp.dll
0x000000006f830000 - 0x000000006f84a000 	D:\Softwares\Java\JDK-1.8.181\jre\bin\net.dll
0x000000006f820000 - 0x000000006f82d000 	D:\Softwares\Java\JDK-1.8.181\jre\bin\management.dll
0x00007ffe74270000 - 0x00007ffe7429a000 	C:\windows\SYSTEM32\IPHLPAPI.DLL
0x00007ffe742c0000 - 0x00007ffe742ca000 	C:\windows\SYSTEM32\WINNSI.DLL
0x000000006f800000 - 0x000000006f811000 	D:\Softwares\Java\JDK-1.8.181\jre\bin\nio.dll
0x00007ffe737a0000 - 0x00007ffe737b6000 	C:\windows\SYSTEM32\dhcpcsvc6.DLL
0x00007ffe73fa0000 - 0x00007ffe73fba000 	C:\windows\SYSTEM32\dhcpcsvc.DLL
0x00007ffe5a430000 - 0x00007ffe5a5b9000 	C:\windows\SYSTEM32\dbghelp.dll

VM Arguments:
jvm_args: -agentlib:jdwp=transport=dt_socket,suspend=y,address=localhost:62583 -ea -javaagent:C:\Users\kannan_m04\Downloads\eclipse-jee-2018-09-win32-x86_64\eclipse\configuration\org.eclipse.osgi\419\0\.cp\lib\javaagent-shaded.jar -Dfile.encoding=UTF-8 
java_command: org.eclipse.jdt.internal.junit.runner.RemoteTestRunner -version 3 -port 62582 -testLoaderClass org.eclipse.jdt.internal.junit4.runner.JUnit4TestLoader -loaderpluginname org.eclipse.jdt.junit4.runtime -test com.vf.uk.dal.broadband.controller.test.BroadbandControllerTest:testCreateOrUpdateBasket
java_class_path (initial): D:\Projects\VodafoneUK\Workspace\07Nov18_SpringUpgrade2\dal-broadband\target\test-classes;D:\Projects\VodafoneUK\Workspace\07Nov18_SpringUpgrade2\dal-broadband\target\classes;C:\Users\kannan_m04\.m2\repository\org\springframework\boot\spring-boot-starter-web\2.0.6.RELEASE\spring-boot-starter-web-2.0.6.RELEASE.jar;C:\Users\kannan_m04\.m2\repository\org\springframework\boot\spring-boot-starter-json\2.0.6.RELEASE\spring-boot-starter-json-2.0.6.RELEASE.jar;C:\Users\kannan_m04\.m2\repository\com\fasterxml\jackson\datatype\jackson-datatype-jdk8\2.9.7\jackson-datatype-jdk8-2.9.7.jar;C:\Users\kannan_m04\.m2\repository\com\fasterxml\jackson\datatype\jackson-datatype-jsr310\2.9.7\jackson-datatype-jsr310-2.9.7.jar;C:\Users\kannan_m04\.m2\repository\com\fasterxml\jackson\module\jackson-module-parameter-names\2.9.7\jackson-module-parameter-names-2.9.7.jar;C:\Users\kannan_m04\.m2\repository\org\springframework\boot\spring-boot-starter-tomcat\2.0.6.RELEASE\spring-boot-starter-tomcat-2.0.6.RELEASE.jar;C:\Users\kannan_m04\.m2\repository\org\apache\tomcat\embed\tomcat-embed-core\8.5.34\tomcat-embed-core-8.5.34.jar;C:\Users\kannan_m04\.m2\repository\org\apache\tomcat\embed\tomcat-embed-el\8.5.34\tomcat-embed-el-8.5.34.jar;C:\Users\kannan_m04\.m2\repository\org\apache\tomcat\embed\tomcat-embed-websocket\8.5.34\tomcat-embed-websocket-8.5.34.jar;C:\Users\kannan_m04\.m2\repository\org\hibernate\validator\hibernate-validator\6.0.13.Final\hibernate-validator-6.0.13.Final.jar;C:\Users\kannan_m04\.m2\repository\org\jboss\logging\jboss-logging\3.3.2.Final\jboss-logging-3.3.2.Final.jar;C:\Users\kannan_m04\.m2\repository\org\springframework\spring-web\5.0.10.RELEASE\spring-web-5.0.10.RELEASE.jar;C:\Users\kannan_m04\.m2\repository\org\springframework\spring-webmvc\5.0.10.RELEASE\spring-webmvc-5.0.10.RELEASE.jar;C:\Users\kannan_m04\.m2\repository\org\springframework\spring-expression\5.0.10.RELEASE\spring-expression-5.0.10.RELEASE.jar;C:\Users\kannan_m04\.m2\repository
Launcher Type: SUN_STANDARD

Environment Variables:
JAVA_HOME=D:\Softwares\Java\JDK-1.8
PATH=D:\Softwares\Java\JDK-1.8.181\jre\bin;C:/Program Files/Java/jre1.8.0_181/bin/server;C:/Program Files/Java/jre1.8.0_181/bin;C:/Program Files/Java/jre1.8.0_181/lib/amd64;C:\Program Files (x86)\Common Files\Oracle\Java\javapath;C:\ProgramData\Oracle\Java\javapath;C:\windows\system32;C:\windows;C:\windows\System32\Wbem;C:\windows\System32\WindowsPowerShell\v1.0\;D:\Softwares\Java\JDK-1.8\bin;D:\Softwares\Tortoise_SVN\bin;D:\Softwares\zookeeper-release-3.4.9\bin;D:\Softwares\Apache_Kafka\bin\windows;D:\Softwares\apache-maven-3.3.9\bin;D:\Softwares\Saxon\SaxonHE9-7-0-14J;D:\Softwares\VIPAccess\;C:\Program Files (x86)\Microsoft SQL Server\Client SDK\ODBC\130\Tools\Binn\;C:\Program Files\Microsoft SQL Server\130\Tools\Binn\;C:\Program Files\dotnet\;C:\Program Files\Microsoft SQL Server\120\Tools\Binn\;C:\Program Files\Microsoft SQL Server\Client SDK\ODBC\130\Tools\Binn\;C:\Program Files (x86)\Microsoft SQL Server\140\Tools\Binn\;C:\Program Files\Microsoft SQL Server\140\Tools\Binn\;C:\Program Files\Microsoft SQL Server\140\DTS\Binn\;C:\Program Files (x86)\Microsoft SQL Server\140\DTS\Binn\;C:\Program Files (x86)\Microsoft SQL Server\140\Tools\Binn\ManagementStudio\;C:\Program Files\TortoiseGit\bin;C:\Program Files\Git\cmd;D:\Softwares\Python_1\Scripts\;D:\Softwares\Python_1\;D:\Softwares\Fiddler;C:\Program Files\Docker Toolbox;C:\Users\kannan_m04\Downloads\eclipse-jee-2018-09-win32-x86_64\eclipse;
USERNAME=Kannan_M04
OS=Windows_NT
PROCESSOR_IDENTIFIER=Intel64 Family 6 Model 61 Stepping 4, GenuineIntel



---------------  S Y S T E M  ---------------

OS: Windows 8.1 , 64 bit Build 9600 (6.3.9600.17415)

CPU:total 4 (initial active 4) (2 cores per cpu, 2 threads per core) family 6 model 61 stepping 4, cmov, cx8, fxsr, mmx, sse, sse2, sse3, ssse3, sse4.1, sse4.2, popcnt, avx, avx2, aes, clmul, erms, 3dnowpref, lzcnt, ht, tsc, tscinvbit, bmi1, bmi2, adx

Memory: 4k page, physical 8260700k(1185372k free), swap 12192860k(2459940k free)

vm_info: Java HotSpot(TM) 64-Bit Server VM (25.181-b13) for windows-amd64 JRE (1.8.0_181-b13), built on Jul  7 2018 04:01:33 by "java_re" with MS VC++ 10.0 (VS2010)

time: Mon Nov 12 20:16:28 2018
elapsed time: 211 seconds (0d 0h 3m 31s)

